<?xml version="1.0" encoding="UTF-8"?>
<!-- Generated by org.testng.reporters.JUnitReportReporter -->
<testsuite hostname="DESKTOP-M3QV69F" failures="0" tests="1" name="driverFactory.DriverScriptPOM" time="50.421" errors="0" timestamp="2023-01-06T11:27:20 IST" skipped="0">
  <testcase classname="driverFactory.DriverScriptPOM" name="startTest" time="50.421"/>
  <system-out>
    <![CDATA[No of rows are::11
Add Emp Success::8330    8330
Add Emp Success::8331    8331
Add Emp Success::8332    8332
Add Emp Success::8333    8333
Add Emp Success::8334    8334
Add Emp Success::8335    8335
Add Emp Success::8336    8336
Add Emp Success::8337    8337
Add Emp Success::8338    8338
Add Emp Success::8339    8339
Add Emp Success::8340    8340]]>
  </system-out>
</testsuite> <!-- driverFactory.DriverScriptPOM -->
