<?xml version="1.0" encoding="UTF-8"?>
<!-- Generated by org.testng.reporters.JUnitReportReporter -->
<testsuite hostname="DESKTOP-M3QV69F" failures="0" tests="1" name="driverFactory.DriverScript" time="16.566" errors="0" timestamp="2022-12-23T13:25:19 IST" skipped="0">
  <testcase classname="driverFactory.DriverScript" name="startTest" time="16.566"/>
  <system-out>
    <![CDATA[No of rows in a sheet::10
Login success::dashboard   http://orangehrm.qedgetech.com/symfony/web/index.php/dashboard
Invalid credentials   dashboard   http://orangehrm.qedgetech.com/symfony/web/index.php/auth/validateCredentials
Invalid credentials   dashboard   http://orangehrm.qedgetech.com/symfony/web/index.php/auth/validateCredentials
Username cannot be empty   dashboard   http://orangehrm.qedgetech.com/symfony/web/index.php/auth/login
Password cannot be empty   dashboard   http://orangehrm.qedgetech.com/symfony/web/index.php/auth/login
Password cannot be empty   dashboard   http://orangehrm.qedgetech.com/symfony/web/index.php/auth/login
Login success::dashboard   http://orangehrm.qedgetech.com/symfony/web/index.php/dashboard
Username cannot be empty   dashboard   http://orangehrm.qedgetech.com/symfony/web/index.php/auth/login
Invalid credentials   dashboard   http://orangehrm.qedgetech.com/symfony/web/index.php/auth/validateCredentials
Login success::dashboard   http://orangehrm.qedgetech.com/symfony/web/index.php/dashboard]]>
  </system-out>
</testsuite> <!-- driverFactory.DriverScript -->
